<?xml version="1.0" encoding="UTF-8"?>
<coverage generated="1688086145023" clover="3.2.0">
  <project timestamp="1688086145023" name="All files">
    <metrics statements="153" coveredstatements="130" conditionals="34" coveredconditionals="28" methods="51" coveredmethods="42" elements="238" coveredelements="200" complexity="0" loc="153" ncloc="153" packages="6" files="27" classes="27"/>
    <package name="src">
      <metrics statements="16" coveredstatements="3" conditionals="6" coveredconditionals="2" methods="5" coveredmethods="2"/>
      <file name="App.tsx" path="C:\jesy\CTV\FRONT5\FINAL\ctd-fe2-proyecto-final-base\src\App.tsx">
        <metrics statements="1" coveredstatements="0" conditionals="0" coveredconditionals="0" methods="1" coveredmethods="0"/>
        <line num="8" count="0" type="stmt"/>
      </file>
      <file name="index.tsx" path="C:\jesy\CTV\FRONT5\FINAL\ctd-fe2-proyecto-final-base\src\index.tsx">
        <metrics statements="4" coveredstatements="0" conditionals="0" coveredconditionals="0" methods="0" coveredmethods="0"/>
        <line num="9" count="0" type="stmt"/>
        <line num="10" count="0" type="stmt"/>
        <line num="12" count="0" type="stmt"/>
        <line num="23" count="0" type="stmt"/>
      </file>
      <file name="reportWebVitals.ts" path="C:\jesy\CTV\FRONT5\FINAL\ctd-fe2-proyecto-final-base\src\reportWebVitals.ts">
        <metrics statements="8" coveredstatements="0" conditionals="4" coveredconditionals="0" methods="2" coveredmethods="0"/>
        <line num="3" count="0" type="stmt"/>
        <line num="4" count="0" type="cond" truecount="0" falsecount="4"/>
        <line num="5" count="0" type="stmt"/>
        <line num="6" count="0" type="stmt"/>
        <line num="7" count="0" type="stmt"/>
        <line num="8" count="0" type="stmt"/>
        <line num="9" count="0" type="stmt"/>
        <line num="10" count="0" type="stmt"/>
      </file>
      <file name="test-utils.tsx" path="C:\jesy\CTV\FRONT5\FINAL\ctd-fe2-proyecto-final-base\src\test-utils.tsx">
        <metrics statements="3" coveredstatements="3" conditionals="2" coveredconditionals="2" methods="2" coveredmethods="2"/>
        <line num="8" count="1" type="stmt"/>
        <line num="26" count="6" type="stmt"/>
        <line num="28" count="6" type="stmt"/>
      </file>
    </package>
    <package name="src.app">
      <metrics statements="4" coveredstatements="3" conditionals="0" coveredconditionals="0" methods="1" coveredmethods="1"/>
      <file name="constants.ts" path="C:\jesy\CTV\FRONT5\FINAL\ctd-fe2-proyecto-final-base\src\app\constants.ts">
        <metrics statements="1" coveredstatements="1" conditionals="0" coveredconditionals="0" methods="0" coveredmethods="0"/>
        <line num="1" count="1" type="stmt"/>
      </file>
      <file name="hooks.ts" path="C:\jesy\CTV\FRONT5\FINAL\ctd-fe2-proyecto-final-base\src\app\hooks.ts">
        <metrics statements="2" coveredstatements="2" conditionals="0" coveredconditionals="0" methods="1" coveredmethods="1"/>
        <line num="4" count="29" type="stmt"/>
        <line num="5" count="1" type="stmt"/>
      </file>
      <file name="store.ts" path="C:\jesy\CTV\FRONT5\FINAL\ctd-fe2-proyecto-final-base\src\app\store.ts">
        <metrics statements="1" coveredstatements="0" conditionals="0" coveredconditionals="0" methods="0" coveredmethods="0"/>
        <line num="4" count="0" type="stmt"/>
      </file>
    </package>
    <package name="src.assets">
      <metrics statements="0" coveredstatements="0" conditionals="0" coveredconditionals="0" methods="0" coveredmethods="0"/>
      <file name="index.ts" path="C:\jesy\CTV\FRONT5\FINAL\ctd-fe2-proyecto-final-base\src\assets\index.ts">
        <metrics statements="0" coveredstatements="0" conditionals="0" coveredconditionals="0" methods="0" coveredmethods="0"/>
      </file>
    </package>
    <package name="src.features.bio">
      <metrics statements="17" coveredstatements="17" conditionals="2" coveredconditionals="2" methods="6" coveredmethods="6"/>
      <file name="Bio.tsx" path="C:\jesy\CTV\FRONT5\FINAL\ctd-fe2-proyecto-final-base\src\features\bio\Bio.tsx">
        <metrics statements="9" coveredstatements="9" conditionals="0" coveredconditionals="0" methods="5" coveredmethods="5"/>
        <line num="17" count="1" type="stmt"/>
        <line num="18" count="4" type="stmt"/>
        <line num="22" count="4" type="stmt"/>
        <line num="23" count="1" type="stmt"/>
        <line num="25" count="4" type="stmt"/>
        <line num="26" count="4" type="stmt"/>
        <line num="27" count="20" type="stmt"/>
        <line num="30" count="1" type="stmt"/>
        <line num="37" count="4" type="stmt"/>
      </file>
      <file name="constants.ts" path="C:\jesy\CTV\FRONT5\FINAL\ctd-fe2-proyecto-final-base\src\features\bio\constants.ts">
        <metrics statements="1" coveredstatements="1" conditionals="0" coveredconditionals="0" methods="0" coveredmethods="0"/>
        <line num="17" count="1" type="stmt"/>
      </file>
      <file name="styled.ts" path="C:\jesy\CTV\FRONT5\FINAL\ctd-fe2-proyecto-final-base\src\features\bio\styled.ts">
        <metrics statements="7" coveredstatements="7" conditionals="2" coveredconditionals="2" methods="1" coveredmethods="1"/>
        <line num="7" count="1" type="stmt"/>
        <line num="16" count="1" type="stmt"/>
        <line num="22" count="1" type="stmt"/>
        <line num="27" count="1" type="stmt"/>
        <line num="33" count="1" type="stmt"/>
        <line num="42" count="1" type="stmt"/>
        <line num="54" count="20" type="cond" truecount="2" falsecount="0"/>
      </file>
    </package>
    <package name="src.features.news">
      <metrics statements="64" coveredstatements="59" conditionals="4" coveredconditionals="4" methods="22" coveredmethods="17"/>
      <file name="CardNoticias.tsx" path="C:\jesy\CTV\FRONT5\FINAL\ctd-fe2-proyecto-final-base\src\features\news\CardNoticias.tsx">
        <metrics statements="4" coveredstatements="4" conditionals="0" coveredconditionals="0" methods="3" coveredmethods="3"/>
        <line num="30" count="2" type="stmt"/>
        <line num="31" count="11" type="stmt"/>
        <line num="34" count="12" type="stmt"/>
        <line num="41" count="3" type="stmt"/>
      </file>
      <file name="ModalPremium.tsx" path="C:\jesy\CTV\FRONT5\FINAL\ctd-fe2-proyecto-final-base\src\features\news\ModalPremium.tsx">
        <metrics statements="2" coveredstatements="2" conditionals="0" coveredconditionals="0" methods="1" coveredmethods="1"/>
        <line num="30" count="2" type="stmt"/>
        <line num="36" count="3" type="stmt"/>
      </file>
      <file name="ModalSubscripcion.tsx" path="C:\jesy\CTV\FRONT5\FINAL\ctd-fe2-proyecto-final-base\src\features\news\ModalSubscripcion.tsx">
        <metrics statements="2" coveredstatements="2" conditionals="0" coveredconditionals="0" methods="1" coveredmethods="1"/>
        <line num="26" count="2" type="stmt"/>
        <line num="30" count="3" type="stmt"/>
      </file>
      <file name="Noticias.tsx" path="C:\jesy\CTV\FRONT5\FINAL\ctd-fe2-proyecto-final-base\src\features\news\Noticias.tsx">
        <metrics statements="20" coveredstatements="16" conditionals="4" coveredconditionals="4" methods="8" coveredmethods="4"/>
        <line num="15" count="1" type="stmt"/>
        <line num="16" count="10" type="stmt"/>
        <line num="17" count="10" type="stmt"/>
        <line num="19" count="10" type="stmt"/>
        <line num="20" count="10" type="cond" truecount="2" falsecount="0"/>
        <line num="21" count="8" type="stmt"/>
        <line num="23" count="2" type="cond" truecount="2" falsecount="0"/>
        <line num="24" count="1" type="stmt"/>
        <line num="26" count="0" type="stmt"/>
        <line num="28" count="0" type="stmt"/>
        <line num="29" count="0" type="stmt"/>
        <line num="30" count="0" type="stmt"/>
        <line num="36" count="1" type="stmt"/>
        <line num="39" count="10" type="stmt"/>
        <line num="40" count="5" type="stmt"/>
        <line num="41" count="5" type="stmt"/>
        <line num="42" count="3" type="stmt"/>
        <line num="43" count="3" type="stmt"/>
        <line num="45" count="5" type="stmt"/>
        <line num="48" count="10" type="stmt"/>
      </file>
      <file name="fakeRest.ts" path="C:\jesy\CTV\FRONT5\FINAL\ctd-fe2-proyecto-final-base\src\features\news\fakeRest.ts">
        <metrics statements="9" coveredstatements="8" conditionals="0" coveredconditionals="0" methods="4" coveredmethods="3"/>
        <line num="10" count="1" type="stmt"/>
        <line num="13" count="3" type="stmt"/>
        <line num="14" count="3" type="stmt"/>
        <line num="15" count="3" type="stmt"/>
        <line num="18" count="1" type="stmt"/>
        <line num="65" count="1" type="stmt"/>
        <line num="66" count="2" type="stmt"/>
        <line num="67" count="2" type="stmt"/>
        <line num="68" count="0" type="stmt"/>
      </file>
      <file name="noticias.contracts.ts" path="C:\jesy\CTV\FRONT5\FINAL\ctd-fe2-proyecto-final-base\src\features\news\noticias.contracts.ts">
        <metrics statements="0" coveredstatements="0" conditionals="0" coveredconditionals="0" methods="0" coveredmethods="0"/>
      </file>
      <file name="noticias.mapper.ts" path="C:\jesy\CTV\FRONT5\FINAL\ctd-fe2-proyecto-final-base\src\features\news\noticias.mapper.ts">
        <metrics statements="2" coveredstatements="2" conditionals="0" coveredconditionals="0" methods="2" coveredmethods="2"/>
        <line num="4" count="1" type="stmt"/>
        <line num="5" count="6" type="stmt"/>
      </file>
      <file name="styled.ts" path="C:\jesy\CTV\FRONT5\FINAL\ctd-fe2-proyecto-final-base\src\features\news\styled.ts">
        <metrics statements="17" coveredstatements="17" conditionals="0" coveredconditionals="0" methods="0" coveredmethods="0"/>
        <line num="3" count="4" type="stmt"/>
        <line num="13" count="4" type="stmt"/>
        <line num="26" count="4" type="stmt"/>
        <line num="36" count="4" type="stmt"/>
        <line num="57" count="4" type="stmt"/>
        <line num="65" count="4" type="stmt"/>
        <line num="73" count="4" type="stmt"/>
        <line num="81" count="4" type="stmt"/>
        <line num="88" count="4" type="stmt"/>
        <line num="109" count="4" type="stmt"/>
        <line num="125" count="4" type="stmt"/>
        <line num="141" count="4" type="stmt"/>
        <line num="160" count="4" type="stmt"/>
        <line num="165" count="4" type="stmt"/>
        <line num="176" count="4" type="stmt"/>
        <line num="185" count="4" type="stmt"/>
        <line num="196" count="4" type="stmt"/>
      </file>
      <file name="utils.ts" path="C:\jesy\CTV\FRONT5\FINAL\ctd-fe2-proyecto-final-base\src\features\news\utils.ts">
        <metrics statements="8" coveredstatements="8" conditionals="0" coveredconditionals="0" methods="3" coveredmethods="3"/>
        <line num="1" count="1" type="stmt"/>
        <line num="2" count="6" type="stmt"/>
        <line num="5" count="12" type="stmt"/>
        <line num="9" count="6" type="stmt"/>
        <line num="12" count="1" type="stmt"/>
        <line num="13" count="6" type="stmt"/>
        <line num="14" count="6" type="stmt"/>
        <line num="17" count="6" type="stmt"/>
      </file>
    </package>
    <package name="src.features.quote">
      <metrics statements="52" coveredstatements="48" conditionals="22" coveredconditionals="20" methods="17" coveredmethods="16"/>
      <file name="Cita.tsx" path="C:\jesy\CTV\FRONT5\FINAL\ctd-fe2-proyecto-final-base\src\features\quote\Cita.tsx">
        <metrics statements="10" coveredstatements="10" conditionals="8" coveredconditionals="8" methods="4" coveredmethods="4"/>
        <line num="19" count="29" type="stmt"/>
        <line num="21" count="29" type="cond" truecount="2" falsecount="0"/>
        <line num="22" count="29" type="stmt"/>
        <line num="24" count="29" type="stmt"/>
        <line num="26" count="29" type="stmt"/>
        <line num="28" count="29" type="stmt"/>
        <line num="29" count="2" type="stmt"/>
        <line num="30" count="2" type="stmt"/>
        <line num="33" count="29" type="stmt"/>
        <line num="40" count="17" type="stmt"/>
      </file>
      <file name="citaAPI.ts" path="C:\jesy\CTV\FRONT5\FINAL\ctd-fe2-proyecto-final-base\src\features\quote\citaAPI.ts">
        <metrics statements="8" coveredstatements="7" conditionals="6" coveredconditionals="5" methods="1" coveredmethods="1"/>
        <line num="4" count="1" type="stmt"/>
        <line num="7" count="3" type="cond" truecount="3" falsecount="1"/>
        <line num="8" count="0" type="stmt"/>
        <line num="11" count="3" type="cond" truecount="2" falsecount="0"/>
        <line num="12" count="3" type="stmt"/>
        <line num="13" count="3" type="stmt"/>
        <line num="15" count="3" type="stmt"/>
        <line num="22" count="3" type="stmt"/>
      </file>
      <file name="citaSlice.ts" path="C:\jesy\CTV\FRONT5\FINAL\ctd-fe2-proyecto-final-base\src\features\quote\citaSlice.ts">
        <metrics statements="19" coveredstatements="17" conditionals="0" coveredconditionals="0" methods="10" coveredmethods="9"/>
        <line num="12" count="1" type="stmt"/>
        <line num="17" count="1" type="stmt"/>
        <line num="20" count="3" type="stmt"/>
        <line num="21" count="3" type="stmt"/>
        <line num="23" count="3" type="stmt"/>
        <line num="25" count="0" type="stmt"/>
        <line num="30" count="1" type="stmt"/>
        <line num="34" count="5" type="stmt"/>
        <line num="38" count="1" type="stmt"/>
        <line num="40" count="3" type="stmt"/>
        <line num="43" count="3" type="stmt"/>
        <line num="44" count="3" type="stmt"/>
        <line num="47" count="0" type="stmt"/>
        <line num="52" count="1" type="stmt"/>
        <line num="55" count="3" type="stmt"/>
        <line num="56" count="3" type="stmt"/>
        <line num="57" count="3" type="stmt"/>
        <line num="60" count="17" type="stmt"/>
        <line num="61" count="11" type="stmt"/>
      </file>
      <file name="constants.ts" path="C:\jesy\CTV\FRONT5\FINAL\ctd-fe2-proyecto-final-base\src\features\quote\constants.ts">
        <metrics statements="3" coveredstatements="3" conditionals="0" coveredconditionals="0" methods="0" coveredmethods="0"/>
        <line num="7" count="1" type="stmt"/>
        <line num="8" count="1" type="stmt"/>
        <line num="9" count="1" type="stmt"/>
      </file>
      <file name="styled.ts" path="C:\jesy\CTV\FRONT5\FINAL\ctd-fe2-proyecto-final-base\src\features\quote\styled.ts">
        <metrics statements="6" coveredstatements="6" conditionals="2" coveredconditionals="2" methods="1" coveredmethods="1"/>
        <line num="3" count="1" type="stmt"/>
        <line num="18" count="1" type="stmt"/>
        <line num="27" count="1" type="stmt"/>
        <line num="36" count="1" type="stmt"/>
        <line num="47" count="1" type="stmt"/>
        <line num="64" count="58" type="cond" truecount="2" falsecount="0"/>
      </file>
      <file name="types.ts" path="C:\jesy\CTV\FRONT5\FINAL\ctd-fe2-proyecto-final-base\src\features\quote\types.ts">
        <metrics statements="0" coveredstatements="0" conditionals="0" coveredconditionals="0" methods="0" coveredmethods="0"/>
      </file>
      <file name="utils.ts" path="C:\jesy\CTV\FRONT5\FINAL\ctd-fe2-proyecto-final-base\src\features\quote\utils.ts">
        <metrics statements="6" coveredstatements="5" conditionals="6" coveredconditionals="5" methods="1" coveredmethods="1"/>
        <line num="11" count="1" type="stmt"/>
        <line num="12" count="29" type="cond" truecount="2" falsecount="0"/>
        <line num="13" count="3" type="stmt"/>
        <line num="16" count="26" type="cond" truecount="1" falsecount="1"/>
        <line num="17" count="0" type="stmt"/>
        <line num="20" count="26" type="cond" truecount="2" falsecount="0"/>
      </file>
    </package>
  </project>
</coverage>
