{"C:\\jesy\\CTV\\FRONT5\\FINAL\\ctd-fe2-proyecto-final-base\\src\\App.tsx": {"path":"C:\\jesy\\CTV\\FRONT5\\FINAL\\ctd-fe2-proyecto-final-base\\src\\App.tsx","statementMap":{"0":{"start":{"line":8,"column":2},"end":{"line":25,"column":4}}},"fnMap":{"0":{"name":"App","decl":{"start":{"line":7,"column":9},"end":{"line":7,"column":12}},"loc":{"start":{"line":7,"column":15},"end":{"line":26,"column":1}},"line":7}},"branchMap":{},"s":{"0":0},"f":{"0":0},"b":{}}
,"C:\\jesy\\CTV\\FRONT5\\FINAL\\ctd-fe2-proyecto-final-base\\src\\index.tsx": {"path":"C:\\jesy\\CTV\\FRONT5\\FINAL\\ctd-fe2-proyecto-final-base\\src\\index.tsx","statementMap":{"0":{"start":{"line":9,"column":18},"end":{"line":9,"column":50}},"1":{"start":{"line":10,"column":13},"end":{"line":10,"column":34}},"2":{"start":{"line":12,"column":0},"end":{"line":18,"column":2}},"3":{"start":{"line":23,"column":0},"end":{"line":23,"column":18}}},"fnMap":{},"branchMap":{},"s":{"0":0,"1":0,"2":0,"3":0},"f":{},"b":{}}
,"C:\\jesy\\CTV\\FRONT5\\FINAL\\ctd-fe2-proyecto-final-base\\src\\reportWebVitals.ts": {"path":"C:\\jesy\\CTV\\FRONT5\\FINAL\\ctd-fe2-proyecto-final-base\\src\\reportWebVitals.ts","statementMap":{"0":{"start":{"line":3,"column":24},"end":{"line":13,"column":1}},"1":{"start":{"line":4,"column":2},"end":{"line":12,"column":3}},"2":{"start":{"line":5,"column":4},"end":{"line":11,"column":7}},"3":{"start":{"line":6,"column":6},"end":{"line":6,"column":26}},"4":{"start":{"line":7,"column":6},"end":{"line":7,"column":26}},"5":{"start":{"line":8,"column":6},"end":{"line":8,"column":26}},"6":{"start":{"line":9,"column":6},"end":{"line":9,"column":26}},"7":{"start":{"line":10,"column":6},"end":{"line":10,"column":27}}},"fnMap":{"0":{"name":"(anonymous_0)","decl":{"start":{"line":3,"column":24},"end":{"line":3,"column":25}},"loc":{"start":{"line":3,"column":57},"end":{"line":13,"column":1}},"line":3},"1":{"name":"(anonymous_1)","decl":{"start":{"line":5,"column":30},"end":{"line":5,"column":31}},"loc":{"start":{"line":5,"column":79},"end":{"line":11,"column":5}},"line":5}},"branchMap":{"0":{"loc":{"start":{"line":4,"column":2},"end":{"line":12,"column":3}},"type":"if","locations":[{"start":{"line":4,"column":2},"end":{"line":12,"column":3}},{"start":{},"end":{}}],"line":4},"1":{"loc":{"start":{"line":4,"column":6},"end":{"line":4,"column":52}},"type":"binary-expr","locations":[{"start":{"line":4,"column":6},"end":{"line":4,"column":17}},{"start":{"line":4,"column":21},"end":{"line":4,"column":52}}],"line":4}},"s":{"0":0,"1":0,"2":0,"3":0,"4":0,"5":0,"6":0,"7":0},"f":{"0":0,"1":0},"b":{"0":[0,0],"1":[0,0]}}
,"C:\\jesy\\CTV\\FRONT5\\FINAL\\ctd-fe2-proyecto-final-base\\src\\test-utils.tsx": {"path":"C:\\jesy\\CTV\\FRONT5\\FINAL\\ctd-fe2-proyecto-final-base\\src\\test-utils.tsx","statementMap":{"0":{"start":{"line":8,"column":21},"end":{"line":32,"column":1}},"1":{"start":{"line":26,"column":7},"end":{"line":26,"column":70}},"2":{"start":{"line":26,"column":25},"end":{"line":26,"column":70}},"3":{"start":{"line":28,"column":2},"end":{"line":31,"column":5}}},"fnMap":{"0":{"name":"(anonymous_0)","decl":{"start":{"line":8,"column":21},"end":{"line":8,"column":22}},"loc":{"start":{"line":23,"column":5},"end":{"line":32,"column":1}},"line":23},"1":{"name":"(anonymous_1)","decl":{"start":{"line":26,"column":7},"end":{"line":26,"column":8}},"loc":{"start":{"line":26,"column":25},"end":{"line":26,"column":70}},"line":26}},"branchMap":{"0":{"loc":{"start":{"line":10,"column":2},"end":{"line":22,"column":8}},"type":"default-arg","locations":[{"start":{"line":22,"column":6},"end":{"line":22,"column":8}}],"line":10},"1":{"loc":{"start":{"line":12,"column":4},"end":{"line":17,"column":6}},"type":"default-arg","locations":[{"start":{"line":12,"column":12},"end":{"line":17,"column":6}}],"line":12}},"s":{"0":1,"1":6,"2":6,"3":6},"f":{"0":6,"1":6},"b":{"0":[6],"1":[6]},"_coverageSchema":"1a1c01bbd47fc00a2c39e90264f33305004495a9","hash":"05a76b007fc8533cd136c0f17c98c6b16026c7e1"}
,"C:\\jesy\\CTV\\FRONT5\\FINAL\\ctd-fe2-proyecto-final-base\\src\\app\\constants.ts": {"path":"C:\\jesy\\CTV\\FRONT5\\FINAL\\ctd-fe2-proyecto-final-base\\src\\app\\constants.ts","statementMap":{"0":{"start":{"line":1,"column":23},"end":{"line":1,"column":69}}},"fnMap":{},"branchMap":{},"s":{"0":1},"f":{},"b":{},"_coverageSchema":"1a1c01bbd47fc00a2c39e90264f33305004495a9","hash":"c23f80476bc8d4bd06756e5d02c3be7c7aa1866f"}
,"C:\\jesy\\CTV\\FRONT5\\FINAL\\ctd-fe2-proyecto-final-base\\src\\app\\hooks.ts": {"path":"C:\\jesy\\CTV\\FRONT5\\FINAL\\ctd-fe2-proyecto-final-base\\src\\app\\hooks.ts","statementMap":{"0":{"start":{"line":4,"column":30},"end":{"line":4,"column":62}},"1":{"start":{"line":4,"column":36},"end":{"line":4,"column":62}},"2":{"start":{"line":5,"column":63},"end":{"line":5,"column":74}}},"fnMap":{"0":{"name":"(anonymous_0)","decl":{"start":{"line":4,"column":30},"end":{"line":4,"column":31}},"loc":{"start":{"line":4,"column":36},"end":{"line":4,"column":62}},"line":4}},"branchMap":{},"s":{"0":1,"1":29,"2":1},"f":{"0":29},"b":{},"_coverageSchema":"1a1c01bbd47fc00a2c39e90264f33305004495a9","hash":"206469b57699c9e50be8acc7322693a026813841"}
,"C:\\jesy\\CTV\\FRONT5\\FINAL\\ctd-fe2-proyecto-final-base\\src\\app\\store.ts": {"path":"C:\\jesy\\CTV\\FRONT5\\FINAL\\ctd-fe2-proyecto-final-base\\src\\app\\store.ts","statementMap":{"0":{"start":{"line":4,"column":21},"end":{"line":8,"column":2}}},"fnMap":{},"branchMap":{},"s":{"0":0},"f":{},"b":{}}
,"C:\\jesy\\CTV\\FRONT5\\FINAL\\ctd-fe2-proyecto-final-base\\src\\assets\\index.ts": {"path":"C:\\jesy\\CTV\\FRONT5\\FINAL\\ctd-fe2-proyecto-final-base\\src\\assets\\index.ts","statementMap":{},"fnMap":{},"branchMap":{},"s":{},"f":{},"b":{},"_coverageSchema":"1a1c01bbd47fc00a2c39e90264f33305004495a9","hash":"ae2fa1d0e4ab95264e9ebaf4489a549b9b841688"}
,"C:\\jesy\\CTV\\FRONT5\\FINAL\\ctd-fe2-proyecto-final-base\\src\\features\\bio\\Bio.tsx": {"path":"C:\\jesy\\CTV\\FRONT5\\FINAL\\ctd-fe2-proyecto-final-base\\src\\features\\bio\\Bio.tsx","statementMap":{"0":{"start":{"line":17,"column":12},"end":{"line":51,"column":1}},"1":{"start":{"line":18,"column":36},"end":{"line":20,"column":3}},"2":{"start":{"line":22,"column":53},"end":{"line":23,"column":39}},"3":{"start":{"line":23,"column":4},"end":{"line":23,"column":39}},"4":{"start":{"line":25,"column":23},"end":{"line":35,"column":3}},"5":{"start":{"line":26,"column":4},"end":{"line":34,"column":7}},"6":{"start":{"line":27,"column":6},"end":{"line":33,"column":17}},"7":{"start":{"line":30,"column":23},"end":{"line":30,"column":57}},"8":{"start":{"line":37,"column":2},"end":{"line":50,"column":4}}},"fnMap":{"0":{"name":"(anonymous_0)","decl":{"start":{"line":17,"column":12},"end":{"line":17,"column":13}},"loc":{"start":{"line":17,"column":18},"end":{"line":51,"column":1}},"line":17},"1":{"name":"(anonymous_1)","decl":{"start":{"line":22,"column":53},"end":{"line":22,"column":54}},"loc":{"start":{"line":23,"column":4},"end":{"line":23,"column":39}},"line":23},"2":{"name":"(anonymous_2)","decl":{"start":{"line":25,"column":23},"end":{"line":25,"column":24}},"loc":{"start":{"line":25,"column":29},"end":{"line":35,"column":3}},"line":25},"3":{"name":"(anonymous_3)","decl":{"start":{"line":26,"column":42},"end":{"line":26,"column":43}},"loc":{"start":{"line":27,"column":6},"end":{"line":33,"column":17}},"line":27},"4":{"name":"(anonymous_4)","decl":{"start":{"line":30,"column":17},"end":{"line":30,"column":18}},"loc":{"start":{"line":30,"column":23},"end":{"line":30,"column":57}},"line":30}},"branchMap":{},"s":{"0":1,"1":4,"2":4,"3":1,"4":4,"5":4,"6":20,"7":1,"8":4},"f":{"0":4,"1":1,"2":4,"3":20,"4":1},"b":{},"_coverageSchema":"1a1c01bbd47fc00a2c39e90264f33305004495a9","hash":"4f6221faddb63c4c32d0326d06a549fa2d2e6d98"}
,"C:\\jesy\\CTV\\FRONT5\\FINAL\\ctd-fe2-proyecto-final-base\\src\\features\\bio\\constants.ts": {"path":"C:\\jesy\\CTV\\FRONT5\\FINAL\\ctd-fe2-proyecto-final-base\\src\\features\\bio\\constants.ts","statementMap":{"0":{"start":{"line":17,"column":29},"end":{"line":67,"column":1}}},"fnMap":{},"branchMap":{},"s":{"0":1},"f":{},"b":{},"_coverageSchema":"1a1c01bbd47fc00a2c39e90264f33305004495a9","hash":"4f6d2af9e16bdf42505e690e5f78b0a0990b3d21"}
,"C:\\jesy\\CTV\\FRONT5\\FINAL\\ctd-fe2-proyecto-final-base\\src\\features\\bio\\styled.ts": {"path":"C:\\jesy\\CTV\\FRONT5\\FINAL\\ctd-fe2-proyecto-final-base\\src\\features\\bio\\styled.ts","statementMap":{"0":{"start":{"line":7,"column":28},"end":{"line":14,"column":1}},"1":{"start":{"line":16,"column":25},"end":{"line":20,"column":1}},"2":{"start":{"line":22,"column":25},"end":{"line":25,"column":1}},"3":{"start":{"line":27,"column":30},"end":{"line":31,"column":1}},"4":{"start":{"line":33,"column":33},"end":{"line":40,"column":1}},"5":{"start":{"line":42,"column":24},"end":{"line":60,"column":1}},"6":{"start":{"line":54,"column":4},"end":{"line":59,"column":43}}},"fnMap":{"0":{"name":"(anonymous_0)","decl":{"start":{"line":53,"column":4},"end":{"line":53,"column":5}},"loc":{"start":{"line":54,"column":4},"end":{"line":59,"column":43}},"line":54}},"branchMap":{"0":{"loc":{"start":{"line":54,"column":4},"end":{"line":59,"column":43}},"type":"binary-expr","locations":[{"start":{"line":54,"column":4},"end":{"line":54,"column":16}},{"start":{"line":55,"column":4},"end":{"line":59,"column":43}}],"line":54}},"s":{"0":1,"1":1,"2":1,"3":1,"4":1,"5":1,"6":20},"f":{"0":20},"b":{"0":[20,4]},"_coverageSchema":"1a1c01bbd47fc00a2c39e90264f33305004495a9","hash":"49f44fc9002ea92d9a08b2b0c3d47b4d432e1051"}
,"C:\\jesy\\CTV\\FRONT5\\FINAL\\ctd-fe2-proyecto-final-base\\src\\features\\news\\CardNoticias.tsx": {"path":"C:\\jesy\\CTV\\FRONT5\\FINAL\\ctd-fe2-proyecto-final-base\\src\\features\\news\\CardNoticias.tsx","statementMap":{"0":{"start":{"line":30,"column":21},"end":{"line":46,"column":1}},"1":{"start":{"line":31,"column":2},"end":{"line":45,"column":4}},"2":{"start":{"line":34,"column":8},"end":{"line":42,"column":25}},"3":{"start":{"line":41,"column":39},"end":{"line":41,"column":53}}},"fnMap":{"0":{"name":"(anonymous_0)","decl":{"start":{"line":30,"column":21},"end":{"line":30,"column":22}},"loc":{"start":{"line":30,"column":67},"end":{"line":46,"column":1}},"line":30},"1":{"name":"(anonymous_1)","decl":{"start":{"line":33,"column":20},"end":{"line":33,"column":21}},"loc":{"start":{"line":34,"column":8},"end":{"line":42,"column":25}},"line":34},"2":{"name":"(anonymous_2)","decl":{"start":{"line":41,"column":33},"end":{"line":41,"column":34}},"loc":{"start":{"line":41,"column":39},"end":{"line":41,"column":53}},"line":41}},"branchMap":{},"s":{"0":2,"1":11,"2":12,"3":3},"f":{"0":11,"1":12,"2":3},"b":{},"_coverageSchema":"1a1c01bbd47fc00a2c39e90264f33305004495a9","hash":"98d849f9c9b38e36380ceaa9b3aa05be6c307c7e"}
,"C:\\jesy\\CTV\\FRONT5\\FINAL\\ctd-fe2-proyecto-final-base\\src\\features\\news\\ModalPremium.tsx": {"path":"C:\\jesy\\CTV\\FRONT5\\FINAL\\ctd-fe2-proyecto-final-base\\src\\features\\news\\ModalPremium.tsx","statementMap":{"0":{"start":{"line":30,"column":21},"end":{"line":50,"column":1}},"1":{"start":{"line":36,"column":2},"end":{"line":49,"column":4}}},"fnMap":{"0":{"name":"(anonymous_0)","decl":{"start":{"line":30,"column":21},"end":{"line":30,"column":22}},"loc":{"start":{"line":35,"column":26},"end":{"line":50,"column":1}},"line":35}},"branchMap":{},"s":{"0":2,"1":3},"f":{"0":3},"b":{},"_coverageSchema":"1a1c01bbd47fc00a2c39e90264f33305004495a9","hash":"b383143195f4c145b34a76e7c123f5bf073a9c82"}
,"C:\\jesy\\CTV\\FRONT5\\FINAL\\ctd-fe2-proyecto-final-base\\src\\features\\news\\ModalSubscripcion.tsx": {"path":"C:\\jesy\\CTV\\FRONT5\\FINAL\\ctd-fe2-proyecto-final-base\\src\\features\\news\\ModalSubscripcion.tsx","statementMap":{"0":{"start":{"line":26,"column":26},"end":{"line":48,"column":1}},"1":{"start":{"line":30,"column":2},"end":{"line":47,"column":4}}},"fnMap":{"0":{"name":"(anonymous_0)","decl":{"start":{"line":26,"column":26},"end":{"line":26,"column":27}},"loc":{"start":{"line":29,"column":31},"end":{"line":48,"column":1}},"line":29}},"branchMap":{},"s":{"0":2,"1":3},"f":{"0":3},"b":{},"_coverageSchema":"1a1c01bbd47fc00a2c39e90264f33305004495a9","hash":"bb82382541366ca9298143137a173aaab23a6650"}
,"C:\\jesy\\CTV\\FRONT5\\FINAL\\ctd-fe2-proyecto-final-base\\src\\features\\news\\Noticias.tsx": {"path":"C:\\jesy\\CTV\\FRONT5\\FINAL\\ctd-fe2-proyecto-final-base\\src\\features\\news\\Noticias.tsx","statementMap":{"0":{"start":{"line":15,"column":17},"end":{"line":57,"column":1}},"1":{"start":{"line":16,"column":34},"end":{"line":16,"column":71}},"2":{"start":{"line":17,"column":28},"end":{"line":17,"column":72}},"3":{"start":{"line":19,"column":19},"end":{"line":37,"column":13}},"4":{"start":{"line":20,"column":4},"end":{"line":22,"column":5}},"5":{"start":{"line":21,"column":6},"end":{"line":21,"column":23}},"6":{"start":{"line":23,"column":4},"end":{"line":35,"column":5}},"7":{"start":{"line":24,"column":6},"end":{"line":34,"column":8}},"8":{"start":{"line":26,"column":25},"end":{"line":26,"column":39}},"9":{"start":{"line":28,"column":12},"end":{"line":31,"column":20}},"10":{"start":{"line":29,"column":14},"end":{"line":29,"column":34}},"11":{"start":{"line":30,"column":14},"end":{"line":30,"column":29}},"12":{"start":{"line":36,"column":4},"end":{"line":36,"column":70}},"13":{"start":{"line":36,"column":51},"end":{"line":36,"column":65}},"14":{"start":{"line":39,"column":2},"end":{"line":46,"column":9}},"15":{"start":{"line":40,"column":31},"end":{"line":44,"column":5}},"16":{"start":{"line":41,"column":24},"end":{"line":41,"column":47}},"17":{"start":{"line":42,"column":35},"end":{"line":42,"column":53}},"18":{"start":{"line":43,"column":6},"end":{"line":43,"column":40}},"19":{"start":{"line":45,"column":4},"end":{"line":45,"column":25}},"20":{"start":{"line":48,"column":2},"end":{"line":56,"column":4}}},"fnMap":{"0":{"name":"(anonymous_0)","decl":{"start":{"line":15,"column":17},"end":{"line":15,"column":18}},"loc":{"start":{"line":15,"column":23},"end":{"line":57,"column":1}},"line":15},"1":{"name":"(anonymous_1)","decl":{"start":{"line":19,"column":31},"end":{"line":19,"column":32}},"loc":{"start":{"line":19,"column":37},"end":{"line":37,"column":3}},"line":19},"2":{"name":"(anonymous_2)","decl":{"start":{"line":26,"column":19},"end":{"line":26,"column":20}},"loc":{"start":{"line":26,"column":25},"end":{"line":26,"column":39}},"line":26},"3":{"name":"(anonymous_3)","decl":{"start":{"line":27,"column":26},"end":{"line":27,"column":27}},"loc":{"start":{"line":28,"column":12},"end":{"line":31,"column":20}},"line":28},"4":{"name":"(anonymous_4)","decl":{"start":{"line":28,"column":23},"end":{"line":28,"column":24}},"loc":{"start":{"line":28,"column":29},"end":{"line":31,"column":13}},"line":28},"5":{"name":"(anonymous_5)","decl":{"start":{"line":36,"column":45},"end":{"line":36,"column":46}},"loc":{"start":{"line":36,"column":51},"end":{"line":36,"column":65}},"line":36},"6":{"name":"(anonymous_6)","decl":{"start":{"line":39,"column":12},"end":{"line":39,"column":13}},"loc":{"start":{"line":39,"column":18},"end":{"line":46,"column":3}},"line":39},"7":{"name":"(anonymous_7)","decl":{"start":{"line":40,"column":31},"end":{"line":40,"column":32}},"loc":{"start":{"line":40,"column":43},"end":{"line":44,"column":5}},"line":40}},"branchMap":{"0":{"loc":{"start":{"line":20,"column":4},"end":{"line":22,"column":5}},"type":"if","locations":[{"start":{"line":20,"column":4},"end":{"line":22,"column":5}},{"start":{},"end":{}}],"line":20},"1":{"loc":{"start":{"line":23,"column":4},"end":{"line":35,"column":5}},"type":"if","locations":[{"start":{"line":23,"column":4},"end":{"line":35,"column":5}},{"start":{},"end":{}}],"line":23}},"s":{"0":1,"1":10,"2":10,"3":10,"4":10,"5":8,"6":2,"7":1,"8":0,"9":0,"10":0,"11":0,"12":1,"13":0,"14":10,"15":5,"16":5,"17":3,"18":3,"19":5,"20":10},"f":{"0":10,"1":10,"2":0,"3":0,"4":0,"5":0,"6":5,"7":5},"b":{"0":[8,2],"1":[1,1]},"_coverageSchema":"1a1c01bbd47fc00a2c39e90264f33305004495a9","hash":"69daf3d810e62c31a866d05486b639f841e8b3ef"}
,"C:\\jesy\\CTV\\FRONT5\\FINAL\\ctd-fe2-proyecto-final-base\\src\\features\\news\\fakeRest.ts": {"path":"C:\\jesy\\CTV\\FRONT5\\FINAL\\ctd-fe2-proyecto-final-base\\src\\features\\news\\fakeRest.ts","statementMap":{"0":{"start":{"line":10,"column":74},"end":{"line":16,"column":1}},"1":{"start":{"line":13,"column":13},"end":{"line":13,"column":23}},"2":{"start":{"line":14,"column":2},"end":{"line":14,"column":70}},"3":{"start":{"line":15,"column":2},"end":{"line":15,"column":14}},"4":{"start":{"line":18,"column":13},"end":{"line":63,"column":1}},"5":{"start":{"line":65,"column":59},"end":{"line":71,"column":1}},"6":{"start":{"line":66,"column":2},"end":{"line":70,"column":5}},"7":{"start":{"line":67,"column":4},"end":{"line":69,"column":13}},"8":{"start":{"line":68,"column":6},"end":{"line":68,"column":20}}},"fnMap":{"0":{"name":"(anonymous_0)","decl":{"start":{"line":10,"column":74},"end":{"line":10,"column":75}},"loc":{"start":{"line":12,"column":5},"end":{"line":16,"column":1}},"line":12},"1":{"name":"(anonymous_1)","decl":{"start":{"line":65,"column":59},"end":{"line":65,"column":60}},"loc":{"start":{"line":65,"column":71},"end":{"line":71,"column":1}},"line":65},"2":{"name":"(anonymous_2)","decl":{"start":{"line":66,"column":21},"end":{"line":66,"column":22}},"loc":{"start":{"line":66,"column":34},"end":{"line":70,"column":3}},"line":66},"3":{"name":"(anonymous_3)","decl":{"start":{"line":67,"column":15},"end":{"line":67,"column":16}},"loc":{"start":{"line":67,"column":21},"end":{"line":69,"column":5}},"line":67}},"branchMap":{},"s":{"0":1,"1":3,"2":3,"3":3,"4":1,"5":1,"6":2,"7":2,"8":0},"f":{"0":3,"1":2,"2":2,"3":0},"b":{},"_coverageSchema":"1a1c01bbd47fc00a2c39e90264f33305004495a9","hash":"bf799cef6a25a478acf0c80879aacbba0cca371b"}
,"C:\\jesy\\CTV\\FRONT5\\FINAL\\ctd-fe2-proyecto-final-base\\src\\features\\news\\noticias.contracts.ts": {"path":"C:\\jesy\\CTV\\FRONT5\\FINAL\\ctd-fe2-proyecto-final-base\\src\\features\\news\\noticias.contracts.ts","statementMap":{},"fnMap":{},"branchMap":{},"s":{},"f":{},"b":{}}
,"C:\\jesy\\CTV\\FRONT5\\FINAL\\ctd-fe2-proyecto-final-base\\src\\features\\news\\noticias.mapper.ts": {"path":"C:\\jesy\\CTV\\FRONT5\\FINAL\\ctd-fe2-proyecto-final-base\\src\\features\\news\\noticias.mapper.ts","statementMap":{"0":{"start":{"line":4,"column":23},"end":{"line":14,"column":1}},"1":{"start":{"line":5,"column":2},"end":{"line":13,"column":6}},"2":{"start":{"line":5,"column":30},"end":{"line":13,"column":3}}},"fnMap":{"0":{"name":"(anonymous_0)","decl":{"start":{"line":4,"column":23},"end":{"line":4,"column":24}},"loc":{"start":{"line":4,"column":78},"end":{"line":14,"column":1}},"line":4},"1":{"name":"(anonymous_1)","decl":{"start":{"line":5,"column":22},"end":{"line":5,"column":23}},"loc":{"start":{"line":5,"column":30},"end":{"line":13,"column":3}},"line":5}},"branchMap":{},"s":{"0":1,"1":3,"2":6},"f":{"0":3,"1":6},"b":{},"_coverageSchema":"1a1c01bbd47fc00a2c39e90264f33305004495a9","hash":"c339ce5811afd39dde24a676b452f610112f9272"}
,"C:\\jesy\\CTV\\FRONT5\\FINAL\\ctd-fe2-proyecto-final-base\\src\\features\\news\\styled.ts": {"path":"C:\\jesy\\CTV\\FRONT5\\FINAL\\ctd-fe2-proyecto-final-base\\src\\features\\news\\styled.ts","statementMap":{"0":{"start":{"line":3,"column":34},"end":{"line":11,"column":1}},"1":{"start":{"line":13,"column":30},"end":{"line":24,"column":1}},"2":{"start":{"line":26,"column":29},"end":{"line":34,"column":1}},"3":{"start":{"line":36,"column":30},"end":{"line":55,"column":1}},"4":{"start":{"line":57,"column":36},"end":{"line":63,"column":1}},"5":{"start":{"line":65,"column":36},"end":{"line":71,"column":1}},"6":{"start":{"line":73,"column":41},"end":{"line":79,"column":1}},"7":{"start":{"line":81,"column":35},"end":{"line":86,"column":1}},"8":{"start":{"line":88,"column":28},"end":{"line":107,"column":1}},"9":{"start":{"line":109,"column":31},"end":{"line":123,"column":1}},"10":{"start":{"line":125,"column":28},"end":{"line":139,"column":1}},"11":{"start":{"line":141,"column":27},"end":{"line":158,"column":1}},"12":{"start":{"line":160,"column":27},"end":{"line":163,"column":1}},"13":{"start":{"line":165,"column":30},"end":{"line":174,"column":1}},"14":{"start":{"line":176,"column":27},"end":{"line":183,"column":1}},"15":{"start":{"line":185,"column":32},"end":{"line":194,"column":1}},"16":{"start":{"line":196,"column":30},"end":{"line":209,"column":1}}},"fnMap":{},"branchMap":{},"s":{"0":4,"1":4,"2":4,"3":4,"4":4,"5":4,"6":4,"7":4,"8":4,"9":4,"10":4,"11":4,"12":4,"13":4,"14":4,"15":4,"16":4},"f":{},"b":{},"_coverageSchema":"1a1c01bbd47fc00a2c39e90264f33305004495a9","hash":"bedb22a6c9fb21f461cc7b81fe481880379fc480"}
,"C:\\jesy\\CTV\\FRONT5\\FINAL\\ctd-fe2-proyecto-final-base\\src\\features\\news\\utils.ts": {"path":"C:\\jesy\\CTV\\FRONT5\\FINAL\\ctd-fe2-proyecto-final-base\\src\\features\\news\\utils.ts","statementMap":{"0":{"start":{"line":1,"column":31},"end":{"line":10,"column":1}},"1":{"start":{"line":2,"column":27},"end":{"line":7,"column":14}},"2":{"start":{"line":5,"column":6},"end":{"line":5,"column":56}},"3":{"start":{"line":9,"column":2},"end":{"line":9,"column":26}},"4":{"start":{"line":12,"column":32},"end":{"line":18,"column":1}},"5":{"start":{"line":13,"column":16},"end":{"line":13,"column":26}},"6":{"start":{"line":14,"column":31},"end":{"line":16,"column":3}},"7":{"start":{"line":17,"column":2},"end":{"line":17,"column":30}}},"fnMap":{"0":{"name":"(anonymous_0)","decl":{"start":{"line":1,"column":31},"end":{"line":1,"column":32}},"loc":{"start":{"line":1,"column":50},"end":{"line":10,"column":1}},"line":1},"1":{"name":"(anonymous_1)","decl":{"start":{"line":4,"column":9},"end":{"line":4,"column":10}},"loc":{"start":{"line":4,"column":18},"end":{"line":6,"column":5}},"line":4},"2":{"name":"(anonymous_2)","decl":{"start":{"line":12,"column":32},"end":{"line":12,"column":33}},"loc":{"start":{"line":12,"column":48},"end":{"line":18,"column":1}},"line":12}},"branchMap":{},"s":{"0":1,"1":6,"2":12,"3":6,"4":1,"5":6,"6":6,"7":6},"f":{"0":6,"1":12,"2":6},"b":{},"_coverageSchema":"1a1c01bbd47fc00a2c39e90264f33305004495a9","hash":"db8827582facc95285ac3bc288b2633984dfdadd"}
,"C:\\jesy\\CTV\\FRONT5\\FINAL\\ctd-fe2-proyecto-final-base\\src\\features\\quote\\Cita.tsx": {"path":"C:\\jesy\\CTV\\FRONT5\\FINAL\\ctd-fe2-proyecto-final-base\\src\\features\\quote\\Cita.tsx","statementMap":{"0":{"start":{"line":19,"column":38},"end":{"line":19,"column":50}},"1":{"start":{"line":21,"column":4},"end":{"line":21,"column":60}},"2":{"start":{"line":22,"column":23},"end":{"line":22,"column":61}},"3":{"start":{"line":24,"column":19},"end":{"line":24,"column":35}},"4":{"start":{"line":26,"column":29},"end":{"line":26,"column":75}},"5":{"start":{"line":26,"column":35},"end":{"line":26,"column":75}},"6":{"start":{"line":28,"column":24},"end":{"line":31,"column":3}},"7":{"start":{"line":29,"column":4},"end":{"line":29,"column":24}},"8":{"start":{"line":30,"column":4},"end":{"line":30,"column":22}},"9":{"start":{"line":33,"column":2},"end":{"line":53,"column":4}},"10":{"start":{"line":40,"column":25},"end":{"line":40,"column":54}}},"fnMap":{"0":{"name":"Cita","decl":{"start":{"line":18,"column":9},"end":{"line":18,"column":13}},"loc":{"start":{"line":18,"column":16},"end":{"line":54,"column":1}},"line":18},"1":{"name":"(anonymous_1)","decl":{"start":{"line":26,"column":29},"end":{"line":26,"column":30}},"loc":{"start":{"line":26,"column":35},"end":{"line":26,"column":75}},"line":26},"2":{"name":"(anonymous_2)","decl":{"start":{"line":28,"column":24},"end":{"line":28,"column":25}},"loc":{"start":{"line":28,"column":30},"end":{"line":31,"column":3}},"line":28},"3":{"name":"(anonymous_3)","decl":{"start":{"line":40,"column":18},"end":{"line":40,"column":19}},"loc":{"start":{"line":40,"column":25},"end":{"line":40,"column":54}},"line":40}},"branchMap":{"0":{"loc":{"start":{"line":20,"column":10},"end":{"line":20,"column":19}},"type":"default-arg","locations":[{"start":{"line":20,"column":17},"end":{"line":20,"column":19}}],"line":20},"1":{"loc":{"start":{"line":20,"column":21},"end":{"line":20,"column":35}},"type":"default-arg","locations":[{"start":{"line":20,"column":33},"end":{"line":20,"column":35}}],"line":20},"2":{"loc":{"start":{"line":21,"column":4},"end":{"line":21,"column":60}},"type":"binary-expr","locations":[{"start":{"line":21,"column":4},"end":{"line":21,"column":54}},{"start":{"line":21,"column":58},"end":{"line":21,"column":60}}],"line":21},"3":{"loc":{"start":{"line":44,"column":20},"end":{"line":44,"column":74}},"type":"cond-expr","locations":[{"start":{"line":44,"column":33},"end":{"line":44,"column":47}},{"start":{"line":44,"column":50},"end":{"line":44,"column":74}}],"line":44},"4":{"loc":{"start":{"line":47,"column":9},"end":{"line":47,"column":63}},"type":"cond-expr","locations":[{"start":{"line":47,"column":22},"end":{"line":47,"column":36}},{"start":{"line":47,"column":39},"end":{"line":47,"column":63}}],"line":47}},"s":{"0":29,"1":29,"2":29,"3":29,"4":29,"5":3,"6":29,"7":2,"8":2,"9":29,"10":17},"f":{"0":29,"1":3,"2":2,"3":17},"b":{"0":[27],"1":[27],"2":[29,27],"3":[19,10],"4":[19,10]},"_coverageSchema":"1a1c01bbd47fc00a2c39e90264f33305004495a9","hash":"1bd2dab7668e93918da6bee12ccde21adc851b5a"}
,"C:\\jesy\\CTV\\FRONT5\\FINAL\\ctd-fe2-proyecto-final-base\\src\\features\\quote\\citaAPI.ts": {"path":"C:\\jesy\\CTV\\FRONT5\\FINAL\\ctd-fe2-proyecto-final-base\\src\\features\\quote\\citaAPI.ts","statementMap":{"0":{"start":{"line":4,"column":67},"end":{"line":23,"column":1}},"1":{"start":{"line":7,"column":2},"end":{"line":9,"column":3}},"2":{"start":{"line":8,"column":4},"end":{"line":8,"column":51}},"3":{"start":{"line":11,"column":14},"end":{"line":11,"column":71}},"4":{"start":{"line":12,"column":20},"end":{"line":12,"column":36}},"5":{"start":{"line":13,"column":17},"end":{"line":13,"column":39}},"6":{"start":{"line":15,"column":26},"end":{"line":20,"column":3}},"7":{"start":{"line":22,"column":2},"end":{"line":22,"column":25}}},"fnMap":{"0":{"name":"(anonymous_0)","decl":{"start":{"line":4,"column":67},"end":{"line":4,"column":68}},"loc":{"start":{"line":6,"column":5},"end":{"line":23,"column":1}},"line":6}},"branchMap":{"0":{"loc":{"start":{"line":7,"column":2},"end":{"line":9,"column":3}},"type":"if","locations":[{"start":{"line":7,"column":2},"end":{"line":9,"column":3}},{"start":{},"end":{}}],"line":7},"1":{"loc":{"start":{"line":7,"column":6},"end":{"line":7,"column":38}},"type":"binary-expr","locations":[{"start":{"line":7,"column":6},"end":{"line":7,"column":15}},{"start":{"line":7,"column":19},"end":{"line":7,"column":38}}],"line":7},"2":{"loc":{"start":{"line":11,"column":14},"end":{"line":11,"column":71}},"type":"cond-expr","locations":[{"start":{"line":11,"column":26},"end":{"line":11,"column":61}},{"start":{"line":11,"column":64},"end":{"line":11,"column":71}}],"line":11}},"s":{"0":1,"1":3,"2":0,"3":3,"4":3,"5":3,"6":3,"7":3},"f":{"0":3},"b":{"0":[0,3],"1":[3,1],"2":[1,2]},"_coverageSchema":"1a1c01bbd47fc00a2c39e90264f33305004495a9","hash":"6567e7ee24d50bfa2a714f2aa9e11ea273f94af9"}
,"C:\\jesy\\CTV\\FRONT5\\FINAL\\ctd-fe2-proyecto-final-base\\src\\features\\quote\\citaSlice.ts": {"path":"C:\\jesy\\CTV\\FRONT5\\FINAL\\ctd-fe2-proyecto-final-base\\src\\features\\quote\\citaSlice.ts","statementMap":{"0":{"start":{"line":12,"column":33},"end":{"line":15,"column":1}},"1":{"start":{"line":17,"column":32},"end":{"line":28,"column":1}},"2":{"start":{"line":20,"column":4},"end":{"line":26,"column":5}},"3":{"start":{"line":21,"column":19},"end":{"line":21,"column":47}},"4":{"start":{"line":23,"column":6},"end":{"line":23,"column":18}},"5":{"start":{"line":25,"column":6},"end":{"line":25,"column":16}},"6":{"start":{"line":30,"column":25},"end":{"line":50,"column":2}},"7":{"start":{"line":34,"column":19},"end":{"line":34,"column":31}},"8":{"start":{"line":38,"column":4},"end":{"line":48,"column":9}},"9":{"start":{"line":40,"column":8},"end":{"line":40,"column":45}},"10":{"start":{"line":43,"column":8},"end":{"line":43,"column":45}},"11":{"start":{"line":44,"column":8},"end":{"line":44,"column":36}},"12":{"start":{"line":47,"column":8},"end":{"line":47,"column":42}},"13":{"start":{"line":52,"column":27},"end":{"line":52,"column":44}},"14":{"start":{"line":55,"column":2},"end":{"line":58,"column":3}},"15":{"start":{"line":55,"column":25},"end":{"line":58,"column":3}},"16":{"start":{"line":56,"column":4},"end":{"line":56,"column":24}},"17":{"start":{"line":57,"column":4},"end":{"line":57,"column":42}},"18":{"start":{"line":60,"column":36},"end":{"line":60,"column":73}},"19":{"start":{"line":60,"column":58},"end":{"line":60,"column":73}},"20":{"start":{"line":61,"column":38},"end":{"line":61,"column":77}},"21":{"start":{"line":61,"column":60},"end":{"line":61,"column":77}}},"fnMap":{"0":{"name":"(anonymous_0)","decl":{"start":{"line":19,"column":2},"end":{"line":19,"column":3}},"loc":{"start":{"line":19,"column":31},"end":{"line":27,"column":3}},"line":19},"1":{"name":"(anonymous_1)","decl":{"start":{"line":34,"column":13},"end":{"line":34,"column":14}},"loc":{"start":{"line":34,"column":19},"end":{"line":34,"column":31}},"line":34},"2":{"name":"(anonymous_2)","decl":{"start":{"line":37,"column":17},"end":{"line":37,"column":18}},"loc":{"start":{"line":37,"column":30},"end":{"line":49,"column":3}},"line":37},"3":{"name":"(anonymous_3)","decl":{"start":{"line":39,"column":41},"end":{"line":39,"column":42}},"loc":{"start":{"line":39,"column":52},"end":{"line":41,"column":7}},"line":39},"4":{"name":"(anonymous_4)","decl":{"start":{"line":42,"column":43},"end":{"line":42,"column":44}},"loc":{"start":{"line":42,"column":62},"end":{"line":45,"column":7}},"line":42},"5":{"name":"(anonymous_5)","decl":{"start":{"line":46,"column":42},"end":{"line":46,"column":43}},"loc":{"start":{"line":46,"column":53},"end":{"line":48,"column":7}},"line":46},"6":{"name":"(anonymous_6)","decl":{"start":{"line":55,"column":2},"end":{"line":55,"column":3}},"loc":{"start":{"line":55,"column":25},"end":{"line":58,"column":3}},"line":55},"7":{"name":"(anonymous_7)","decl":{"start":{"line":55,"column":25},"end":{"line":55,"column":26}},"loc":{"start":{"line":55,"column":52},"end":{"line":58,"column":3}},"line":55},"8":{"name":"(anonymous_8)","decl":{"start":{"line":60,"column":36},"end":{"line":60,"column":37}},"loc":{"start":{"line":60,"column":58},"end":{"line":60,"column":73}},"line":60},"9":{"name":"(anonymous_9)","decl":{"start":{"line":61,"column":38},"end":{"line":61,"column":39}},"loc":{"start":{"line":61,"column":60},"end":{"line":61,"column":77}},"line":61}},"branchMap":{},"s":{"0":1,"1":1,"2":3,"3":3,"4":3,"5":0,"6":1,"7":5,"8":1,"9":3,"10":3,"11":3,"12":0,"13":1,"14":1,"15":3,"16":3,"17":3,"18":1,"19":17,"20":1,"21":11},"f":{"0":3,"1":5,"2":1,"3":3,"4":3,"5":0,"6":3,"7":3,"8":17,"9":11},"b":{},"_coverageSchema":"1a1c01bbd47fc00a2c39e90264f33305004495a9","hash":"3c605e110da01228017eac79c7eef335f66d0804"}
,"C:\\jesy\\CTV\\FRONT5\\FINAL\\ctd-fe2-proyecto-final-base\\src\\features\\quote\\constants.ts": {"path":"C:\\jesy\\CTV\\FRONT5\\FINAL\\ctd-fe2-proyecto-final-base\\src\\features\\quote\\constants.ts","statementMap":{"0":{"start":{"line":7,"column":32},"end":{"line":7,"column":45}},"1":{"start":{"line":8,"column":31},"end":{"line":8,"column":67}},"2":{"start":{"line":9,"column":29},"end":{"line":9,"column":58}}},"fnMap":{},"branchMap":{},"s":{"0":1,"1":1,"2":1},"f":{},"b":{},"_coverageSchema":"1a1c01bbd47fc00a2c39e90264f33305004495a9","hash":"6b74466f1a68db9542f21ab11bb1d99d734895da"}
,"C:\\jesy\\CTV\\FRONT5\\FINAL\\ctd-fe2-proyecto-final-base\\src\\features\\quote\\styled.ts": {"path":"C:\\jesy\\CTV\\FRONT5\\FINAL\\ctd-fe2-proyecto-final-base\\src\\features\\quote\\styled.ts","statementMap":{"0":{"start":{"line":3,"column":30},"end":{"line":16,"column":1}},"1":{"start":{"line":18,"column":25},"end":{"line":25,"column":1}},"2":{"start":{"line":27,"column":25},"end":{"line":34,"column":1}},"3":{"start":{"line":36,"column":21},"end":{"line":45,"column":1}},"4":{"start":{"line":47,"column":21},"end":{"line":79,"column":1}},"5":{"start":{"line":64,"column":4},"end":{"line":78,"column":9}}},"fnMap":{"0":{"name":"(anonymous_0)","decl":{"start":{"line":63,"column":4},"end":{"line":63,"column":5}},"loc":{"start":{"line":64,"column":4},"end":{"line":78,"column":9}},"line":64}},"branchMap":{"0":{"loc":{"start":{"line":64,"column":4},"end":{"line":78,"column":9}},"type":"cond-expr","locations":[{"start":{"line":65,"column":8},"end":{"line":71,"column":9}},{"start":{"line":72,"column":8},"end":{"line":78,"column":9}}],"line":64}},"s":{"0":1,"1":1,"2":1,"3":1,"4":1,"5":58},"f":{"0":58},"b":{"0":[29,29]},"_coverageSchema":"1a1c01bbd47fc00a2c39e90264f33305004495a9","hash":"0c1974773ff12cf09cb179f2b34ec0d1bf52a5f8"}
,"C:\\jesy\\CTV\\FRONT5\\FINAL\\ctd-fe2-proyecto-final-base\\src\\features\\quote\\types.ts": {"path":"C:\\jesy\\CTV\\FRONT5\\FINAL\\ctd-fe2-proyecto-final-base\\src\\features\\quote\\types.ts","statementMap":{},"fnMap":{},"branchMap":{},"s":{},"f":{},"b":{}}
,"C:\\jesy\\CTV\\FRONT5\\FINAL\\ctd-fe2-proyecto-final-base\\src\\features\\quote\\utils.ts": {"path":"C:\\jesy\\CTV\\FRONT5\\FINAL\\ctd-fe2-proyecto-final-base\\src\\features\\quote\\utils.ts","statementMap":{"0":{"start":{"line":11,"column":14},"end":{"line":21,"column":1}},"1":{"start":{"line":12,"column":2},"end":{"line":14,"column":3}},"2":{"start":{"line":13,"column":4},"end":{"line":13,"column":28}},"3":{"start":{"line":16,"column":2},"end":{"line":18,"column":3}},"4":{"start":{"line":17,"column":4},"end":{"line":17,"column":27}},"5":{"start":{"line":20,"column":2},"end":{"line":20,"column":42}}},"fnMap":{"0":{"name":"(anonymous_0)","decl":{"start":{"line":11,"column":14},"end":{"line":11,"column":15}},"loc":{"start":{"line":11,"column":38},"end":{"line":21,"column":1}},"line":11}},"branchMap":{"0":{"loc":{"start":{"line":12,"column":2},"end":{"line":14,"column":3}},"type":"if","locations":[{"start":{"line":12,"column":2},"end":{"line":14,"column":3}},{"start":{},"end":{}}],"line":12},"1":{"loc":{"start":{"line":16,"column":2},"end":{"line":18,"column":3}},"type":"if","locations":[{"start":{"line":16,"column":2},"end":{"line":18,"column":3}},{"start":{},"end":{}}],"line":16},"2":{"loc":{"start":{"line":20,"column":9},"end":{"line":20,"column":41}},"type":"cond-expr","locations":[{"start":{"line":20,"column":16},"end":{"line":20,"column":25}},{"start":{"line":20,"column":28},"end":{"line":20,"column":41}}],"line":20}},"s":{"0":1,"1":29,"2":3,"3":26,"4":0,"5":26},"f":{"0":29},"b":{"0":[3,26],"1":[0,26],"2":[2,24]},"_coverageSchema":"1a1c01bbd47fc00a2c39e90264f33305004495a9","hash":"9e36b11ba6cf677abc822d5c72d77534292d03c6"}
}
