TN:
SF:src\App.tsx
FN:7,App
FNF:1
FNH:0
FNDA:0,App
DA:8,0
LF:1
LH:0
BRF:0
BRH:0
end_of_record
TN:
SF:src\index.tsx
FNF:0
FNH:0
DA:9,0
DA:10,0
DA:12,0
DA:23,0
LF:4
LH:0
BRF:0
BRH:0
end_of_record
TN:
SF:src\reportWebVitals.ts
FN:3,(anonymous_0)
FN:5,(anonymous_1)
FNF:2
FNH:0
FNDA:0,(anonymous_0)
FNDA:0,(anonymous_1)
DA:3,0
DA:4,0
DA:5,0
DA:6,0
DA:7,0
DA:8,0
DA:9,0
DA:10,0
LF:8
LH:0
BRDA:4,0,0,0
BRDA:4,0,1,0
BRDA:4,1,0,0
BRDA:4,1,1,0
BRF:4
BRH:0
end_of_record
TN:
SF:src\test-utils.tsx
FN:8,(anonymous_0)
FN:26,(anonymous_1)
FNF:2
FNH:2
FNDA:6,(anonymous_0)
FNDA:6,(anonymous_1)
DA:8,1
DA:26,6
DA:28,6
LF:3
LH:3
BRDA:10,0,0,6
BRDA:12,1,0,6
BRF:2
BRH:2
end_of_record
TN:
SF:src\app\constants.ts
FNF:0
FNH:0
DA:1,1
LF:1
LH:1
BRF:0
BRH:0
end_of_record
TN:
SF:src\app\hooks.ts
FN:4,(anonymous_0)
FNF:1
FNH:1
FNDA:29,(anonymous_0)
DA:4,29
DA:5,1
LF:2
LH:2
BRF:0
BRH:0
end_of_record
TN:
SF:src\app\store.ts
FNF:0
FNH:0
DA:4,0
LF:1
LH:0
BRF:0
BRH:0
end_of_record
TN:
SF:src\assets\index.ts
FNF:0
FNH:0
LF:0
LH:0
BRF:0
BRH:0
end_of_record
TN:
SF:src\features\bio\Bio.tsx
FN:17,(anonymous_0)
FN:22,(anonymous_1)
FN:25,(anonymous_2)
FN:26,(anonymous_3)
FN:30,(anonymous_4)
FNF:5
FNH:5
FNDA:4,(anonymous_0)
FNDA:1,(anonymous_1)
FNDA:4,(anonymous_2)
FNDA:20,(anonymous_3)
FNDA:1,(anonymous_4)
DA:17,1
DA:18,4
DA:22,4
DA:23,1
DA:25,4
DA:26,4
DA:27,20
DA:30,1
DA:37,4
LF:9
LH:9
BRF:0
BRH:0
end_of_record
TN:
SF:src\features\bio\constants.ts
FNF:0
FNH:0
DA:17,1
LF:1
LH:1
BRF:0
BRH:0
end_of_record
TN:
SF:src\features\bio\styled.ts
FN:53,(anonymous_0)
FNF:1
FNH:1
FNDA:20,(anonymous_0)
DA:7,1
DA:16,1
DA:22,1
DA:27,1
DA:33,1
DA:42,1
DA:54,20
LF:7
LH:7
BRDA:54,0,0,20
BRDA:54,0,1,4
BRF:2
BRH:2
end_of_record
TN:
SF:src\features\news\CardNoticias.tsx
FN:30,(anonymous_0)
FN:33,(anonymous_1)
FN:41,(anonymous_2)
FNF:3
FNH:3
FNDA:11,(anonymous_0)
FNDA:12,(anonymous_1)
FNDA:3,(anonymous_2)
DA:30,2
DA:31,11
DA:34,12
DA:41,3
LF:4
LH:4
BRF:0
BRH:0
end_of_record
TN:
SF:src\features\news\ModalPremium.tsx
FN:30,(anonymous_0)
FNF:1
FNH:1
FNDA:3,(anonymous_0)
DA:30,2
DA:36,3
LF:2
LH:2
BRF:0
BRH:0
end_of_record
TN:
SF:src\features\news\ModalSubscripcion.tsx
FN:26,(anonymous_0)
FNF:1
FNH:1
FNDA:3,(anonymous_0)
DA:26,2
DA:30,3
LF:2
LH:2
BRF:0
BRH:0
end_of_record
TN:
SF:src\features\news\Noticias.tsx
FN:15,(anonymous_0)
FN:19,(anonymous_1)
FN:26,(anonymous_2)
FN:27,(anonymous_3)
FN:28,(anonymous_4)
FN:36,(anonymous_5)
FN:39,(anonymous_6)
FN:40,(anonymous_7)
FNF:8
FNH:4
FNDA:10,(anonymous_0)
FNDA:10,(anonymous_1)
FNDA:0,(anonymous_2)
FNDA:0,(anonymous_3)
FNDA:0,(anonymous_4)
FNDA:0,(anonymous_5)
FNDA:5,(anonymous_6)
FNDA:5,(anonymous_7)
DA:15,1
DA:16,10
DA:17,10
DA:19,10
DA:20,10
DA:21,8
DA:23,2
DA:24,1
DA:26,0
DA:28,0
DA:29,0
DA:30,0
DA:36,1
DA:39,10
DA:40,5
DA:41,5
DA:42,3
DA:43,3
DA:45,5
DA:48,10
LF:20
LH:16
BRDA:20,0,0,8
BRDA:20,0,1,2
BRDA:23,1,0,1
BRDA:23,1,1,1
BRF:4
BRH:4
end_of_record
TN:
SF:src\features\news\fakeRest.ts
FN:10,(anonymous_0)
FN:65,(anonymous_1)
FN:66,(anonymous_2)
FN:67,(anonymous_3)
FNF:4
FNH:3
FNDA:3,(anonymous_0)
FNDA:2,(anonymous_1)
FNDA:2,(anonymous_2)
FNDA:0,(anonymous_3)
DA:10,1
DA:13,3
DA:14,3
DA:15,3
DA:18,1
DA:65,1
DA:66,2
DA:67,2
DA:68,0
LF:9
LH:8
BRF:0
BRH:0
end_of_record
TN:
SF:src\features\news\noticias.contracts.ts
FNF:0
FNH:0
LF:0
LH:0
BRF:0
BRH:0
end_of_record
TN:
SF:src\features\news\noticias.mapper.ts
FN:4,(anonymous_0)
FN:5,(anonymous_1)
FNF:2
FNH:2
FNDA:3,(anonymous_0)
FNDA:6,(anonymous_1)
DA:4,1
DA:5,6
LF:2
LH:2
BRF:0
BRH:0
end_of_record
TN:
SF:src\features\news\styled.ts
FNF:0
FNH:0
DA:3,4
DA:13,4
DA:26,4
DA:36,4
DA:57,4
DA:65,4
DA:73,4
DA:81,4
DA:88,4
DA:109,4
DA:125,4
DA:141,4
DA:160,4
DA:165,4
DA:176,4
DA:185,4
DA:196,4
LF:17
LH:17
BRF:0
BRH:0
end_of_record
TN:
SF:src\features\news\utils.ts
FN:1,(anonymous_0)
FN:4,(anonymous_1)
FN:12,(anonymous_2)
FNF:3
FNH:3
FNDA:6,(anonymous_0)
FNDA:12,(anonymous_1)
FNDA:6,(anonymous_2)
DA:1,1
DA:2,6
DA:5,12
DA:9,6
DA:12,1
DA:13,6
DA:14,6
DA:17,6
LF:8
LH:8
BRF:0
BRH:0
end_of_record
TN:
SF:src\features\quote\Cita.tsx
FN:18,Cita
FN:26,(anonymous_1)
FN:28,(anonymous_2)
FN:40,(anonymous_3)
FNF:4
FNH:4
FNDA:29,Cita
FNDA:3,(anonymous_1)
FNDA:2,(anonymous_2)
FNDA:17,(anonymous_3)
DA:19,29
DA:21,29
DA:22,29
DA:24,29
DA:26,29
DA:28,29
DA:29,2
DA:30,2
DA:33,29
DA:40,17
LF:10
LH:10
BRDA:20,0,0,27
BRDA:20,1,0,27
BRDA:21,2,0,29
BRDA:21,2,1,27
BRDA:44,3,0,19
BRDA:44,3,1,10
BRDA:47,4,0,19
BRDA:47,4,1,10
BRF:8
BRH:8
end_of_record
TN:
SF:src\features\quote\citaAPI.ts
FN:4,(anonymous_0)
FNF:1
FNH:1
FNDA:3,(anonymous_0)
DA:4,1
DA:7,3
DA:8,0
DA:11,3
DA:12,3
DA:13,3
DA:15,3
DA:22,3
LF:8
LH:7
BRDA:7,0,0,0
BRDA:7,0,1,3
BRDA:7,1,0,3
BRDA:7,1,1,1
BRDA:11,2,0,1
BRDA:11,2,1,2
BRF:6
BRH:5
end_of_record
TN:
SF:src\features\quote\citaSlice.ts
FN:19,(anonymous_0)
FN:34,(anonymous_1)
FN:37,(anonymous_2)
FN:39,(anonymous_3)
FN:42,(anonymous_4)
FN:46,(anonymous_5)
FN:55,(anonymous_6)
FN:55,(anonymous_7)
FN:60,(anonymous_8)
FN:61,(anonymous_9)
FNF:10
FNH:9
FNDA:3,(anonymous_0)
FNDA:5,(anonymous_1)
FNDA:1,(anonymous_2)
FNDA:3,(anonymous_3)
FNDA:3,(anonymous_4)
FNDA:0,(anonymous_5)
FNDA:3,(anonymous_6)
FNDA:3,(anonymous_7)
FNDA:17,(anonymous_8)
FNDA:11,(anonymous_9)
DA:12,1
DA:17,1
DA:20,3
DA:21,3
DA:23,3
DA:25,0
DA:30,1
DA:34,5
DA:38,1
DA:40,3
DA:43,3
DA:44,3
DA:47,0
DA:52,1
DA:55,3
DA:56,3
DA:57,3
DA:60,17
DA:61,11
LF:19
LH:17
BRF:0
BRH:0
end_of_record
TN:
SF:src\features\quote\constants.ts
FNF:0
FNH:0
DA:7,1
DA:8,1
DA:9,1
LF:3
LH:3
BRF:0
BRH:0
end_of_record
TN:
SF:src\features\quote\styled.ts
FN:63,(anonymous_0)
FNF:1
FNH:1
FNDA:58,(anonymous_0)
DA:3,1
DA:18,1
DA:27,1
DA:36,1
DA:47,1
DA:64,58
LF:6
LH:6
BRDA:64,0,0,29
BRDA:64,0,1,29
BRF:2
BRH:2
end_of_record
TN:
SF:src\features\quote\types.ts
FNF:0
FNH:0
LF:0
LH:0
BRF:0
BRH:0
end_of_record
TN:
SF:src\features\quote\utils.ts
FN:11,(anonymous_0)
FNF:1
FNH:1
FNDA:29,(anonymous_0)
DA:11,1
DA:12,29
DA:13,3
DA:16,26
DA:17,0
DA:20,26
LF:6
LH:5
BRDA:12,0,0,3
BRDA:12,0,1,26
BRDA:16,1,0,0
BRDA:16,1,1,26
BRDA:20,2,0,2
BRDA:20,2,1,24
BRF:6
BRH:5
end_of_record
